<?xml version="1.0" encoding="UTF-8"?>
<testng-results skipped="0" failed="0" ignored="0" total="1" passed="1">
  <reporter-output>
  </reporter-output>
  <suite name="Default suite" duration-ms="17425" started-at="2018-12-04T10:09:31Z" finished-at="2018-12-04T10:09:49Z">
    <groups>
    </groups>
    <test name="Default test" duration-ms="17425" started-at="2018-12-04T10:09:31Z" finished-at="2018-12-04T10:09:49Z">
      <class name="Mouse_Hover">
        <test-method status="PASS" signature="start()[pri:0, instance:Mouse_Hover@1d29cf23]" name="start" duration-ms="17385" started-at="2018-12-04T10:09:31Z" finished-at="2018-12-04T10:09:49Z">
          <reporter-output>
          </reporter-output>
        </test-method> <!-- start -->
      </class> <!-- Mouse_Hover -->
    </test> <!-- Default test -->
  </suite> <!-- Default suite -->
</testng-results>
